[debug] [2023-02-20T11:33:52.577Z] ----------------------------------------------------------------------
[debug] [2023-02-20T11:33:52.579Z] Command:       C:\Program Files\nodejs\node.exe C:\Users\Pc\AppData\Roaming\npm\node_modules\firebase-tools\lib\bin\firebase.js init
[debug] [2023-02-20T11:33:52.579Z] CLI Version:   11.23.1
[debug] [2023-02-20T11:33:52.579Z] Platform:      win32
[debug] [2023-02-20T11:33:52.579Z] Node Version:  v18.13.0
[debug] [2023-02-20T11:33:52.580Z] Time:          Mon Feb 20 2023 12:33:52 GMT+0100 (heure normale d’Afrique de l’Ouest)
[debug] [2023-02-20T11:33:52.581Z] ----------------------------------------------------------------------
[debug] 
[debug] [2023-02-20T11:33:52.589Z] > command requires scopes: ["email","openid","https://www.googleapis.com/auth/cloudplatformprojects.readonly","https://www.googleapis.com/auth/firebase","https://www.googleapis.com/auth/cloud-platform"]
[debug] [2023-02-20T11:33:52.590Z] > authorizing via signed-in user (pianistala@gmail.com)
[info] 
     ######## #### ########  ######## ########     ###     ######  ########
     ##        ##  ##     ## ##       ##     ##  ##   ##  ##       ##
     ######    ##  ########  ######   ########  #########  ######  ######
     ##        ##  ##    ##  ##       ##     ## ##     ##       ## ##
     ##       #### ##     ## ######## ########  ##     ##  ######  ########

You're about to initialize a Firebase project in this directory:

  C:\Users\Pc\Desktop\Youtube MERN\Food Ordering App by Ala

[info] 
=== Project Setup
[info] 
[info] First, let's associate this project directory with a Firebase project.
[info] You can create multiple project aliases by running firebase use --add, 
[info] but for now we'll just set up a default project.
[info] 
[debug] [2023-02-20T11:34:27.069Z] >>> [apiv2][query] GET https://firebase.googleapis.com/v1beta1/projects pageSize=100
[debug] [2023-02-20T11:34:27.883Z] <<< [apiv2][status] GET https://firebase.googleapis.com/v1beta1/projects 200
[debug] [2023-02-20T11:34:27.884Z] <<< [apiv2][body] GET https://firebase.googleapis.com/v1beta1/projects [omitted]
[info] i  Using project mern-app-food-delivery (mern-app-food-delivery) 
[info] 
=== Hosting Setup
[info] 
[info] Your public directory is the folder (relative to your project directory) that
[info] will contain Hosting assets to be uploaded with firebase deploy. If you
[info] have a build process for your assets, use your build's output directory.
[info] 
